{"/Users/wuzi/Desktop/Practicum_in_CS/Markdown-demo/src/ops-weekly-summary/service.ts": {"path":"/Users/wuzi/Desktop/Practicum_in_CS/Markdown-demo/src/ops-weekly-summary/service.ts","statementMap":{"0":{"start":{"line":12,"column":31},"end":{"line":12,"column":65}},"1":{"start":{"line":18,"column":4},"end":{"line":18,"column":39}},"2":{"start":{"line":25,"column":4},"end":{"line":25,"column":39}},"3":{"start":{"line":11,"column":0},"end":{"line":11,"column":13}}},"fnMap":{"0":{"name":"(anonymous_0)","decl":{"start":{"line":12,"column":2},"end":{"line":12,"column":31}},"loc":{"start":{"line":12,"column":65},"end":{"line":12,"column":69}}},"1":{"name":"(anonymous_1)","decl":{"start":{"line":15,"column":2},"end":{"line":15,"column":7}},"loc":{"start":{"line":16,"column":20},"end":{"line":19,"column":3}}},"2":{"name":"(anonymous_2)","decl":{"start":{"line":22,"column":2},"end":{"line":22,"column":7}},"loc":{"start":{"line":23,"column":33},"end":{"line":26,"column":3}}}},"branchMap":{},"s":{"0":1,"1":0,"2":0,"3":1},"f":{"0":1,"1":0,"2":0},"b":{}}
}
